app/build/outputs/logs/manifest-merger-debug-report.txt
-- Merging decision tree log ---
manifest
ADDED from src/main/AndroidManifest.xml:2:1-73:12
	package
		ADDED from src/main/AndroidManifest.xml:3:5-36
		INJECTED from src/main/AndroidManifest.xml
		INJECTED from src/main/AndroidManifest.xml
	android:versionName
		ADDED from src/main/AndroidManifest.xml:5:5-30
		INJECTED from src/main/AndroidManifest.xml
		INJECTED from src/main/AndroidManifest.xml
	android:versionCode
		ADDED from src/main/AndroidManifest.xml:4:5-28
		INJECTED from src/main/AndroidManifest.xml
		INJECTED from src/main/AndroidManifest.xml
	xmlns:android
		ADDED from src/main/AndroidManifest.xml:2:11-69
uses-sdk
ADDED from src/main/AndroidManifest.xml:7:5-9:41
MERGED from [:zxing-1.8.4:] AndroidManifest.xml:7:5-9:41
MERGED from [:barcodescanner-core-1.8.4:] AndroidManifest.xml:7:5-9:41
MERGED from [:txrtmpsdk:] AndroidManifest.xml:7:5-9:41
	android:targetSdkVersion
		ADDED from src/main/AndroidManifest.xml:9:9-38
		INJECTED from src/main/AndroidManifest.xml
		INJECTED from src/main/AndroidManifest.xml
	android:minSdkVersion
		ADDED from src/main/AndroidManifest.xml:8:9-35
		INJECTED from src/main/AndroidManifest.xml
		INJECTED from src/main/AndroidManifest.xml
uses-permission#android.permission.INTERNET
ADDED from src/main/AndroidManifest.xml:11:5-67
	android:name
		ADDED from src/main/AndroidManifest.xml:11:22-64
uses-permission#android.permission.ACCESS_NETWORK_STATE
ADDED from src/main/AndroidManifest.xml:12:5-79
	android:name
		ADDED from src/main/AndroidManifest.xml:12:22-76
uses-permission#android.permission.ACCESS_WIFI_STATE
ADDED from src/main/AndroidManifest.xml:13:5-76
MERGED from [:txrtmpsdk:] AndroidManifest.xml:11:5-76
	android:name
		ADDED from src/main/AndroidManifest.xml:13:22-73
uses-permission#android.permission.READ_PHONE_STATE
ADDED from src/main/AndroidManifest.xml:14:5-75
	android:name
		ADDED from src/main/AndroidManifest.xml:14:22-72
uses-permission#android.permission.CALL_PHONE
ADDED from src/main/AndroidManifest.xml:15:5-69
	android:name
		ADDED from src/main/AndroidManifest.xml:15:22-66
uses-permission#android.permission.WRITE_EXTERNAL_STORAGE
ADDED from src/main/AndroidManifest.xml:16:5-81
	android:name
		ADDED from src/main/AndroidManifest.xml:16:22-78
uses-permission#android.permission.READ_LOGS
ADDED from src/main/AndroidManifest.xml:17:5-68
	android:name
		ADDED from src/main/AndroidManifest.xml:17:22-65
uses-permission#android.permission.RECORD_AUDIO
ADDED from src/main/AndroidManifest.xml:18:5-71
	android:name
		ADDED from src/main/AndroidManifest.xml:18:22-68
uses-permission#android.permission.CAMERA
ADDED from src/main/AndroidManifest.xml:19:5-65
	android:name
		ADDED from src/main/AndroidManifest.xml:19:22-62
uses-feature#android.hardware.Camera
ADDED from src/main/AndroidManifest.xml:21:5-60
	android:name
		ADDED from src/main/AndroidManifest.xml:21:19-57
uses-feature#android.hardware.camera.autofocus
ADDED from src/main/AndroidManifest.xml:22:5-70
	android:name
		ADDED from src/main/AndroidManifest.xml:22:19-67
application
ADDED from src/main/AndroidManifest.xml:24:5-71:19
MERGED from [:zxing-1.8.4:] AndroidManifest.xml:11:5-20
MERGED from [:barcodescanner-core-1.8.4:] AndroidManifest.xml:11:5-20
MERGED from [:txrtmpsdk:] AndroidManifest.xml:15:5-21:19
	android:label
		ADDED from src/main/AndroidManifest.xml:28:9-41
	android:supportsRtl
		ADDED from [:txrtmpsdk:] AndroidManifest.xml:17:9-35
	android:allowBackup
		ADDED from src/main/AndroidManifest.xml:26:9-35
	android:icon
		ADDED from src/main/AndroidManifest.xml:27:9-45
	android:theme
		ADDED from src/main/AndroidManifest.xml:29:9-40
	android:name
		ADDED from src/main/AndroidManifest.xml:25:9-43
meta-data#com.tencent.rdm.uuid
ADDED from src/main/AndroidManifest.xml:31:9-33:68
MERGED from [:txrtmpsdk:] AndroidManifest.xml:18:9-20:68
	android:value
		ADDED from src/main/AndroidManifest.xml:33:13-65
	android:name
		ADDED from src/main/AndroidManifest.xml:32:13-48
activity#com.tencent.rtmp.demo.ui.myself.IndexActivity
ADDED from src/main/AndroidManifest.xml:35:9-43:20
	android:label
		ADDED from src/main/AndroidManifest.xml:37:13-45
	android:name
		ADDED from src/main/AndroidManifest.xml:36:13-52
intent-filter#android.intent.action.MAIN+android.intent.category.LAUNCHER
ADDED from src/main/AndroidManifest.xml:38:13-42:29
action#android.intent.action.MAIN
ADDED from src/main/AndroidManifest.xml:39:17-69
	android:name
		ADDED from src/main/AndroidManifest.xml:39:25-66
category#android.intent.category.LAUNCHER
ADDED from src/main/AndroidManifest.xml:41:17-77
	android:name
		ADDED from src/main/AndroidManifest.xml:41:27-74
activity#com.tencent.rtmp.demo.ui.MainActivity
ADDED from src/main/AndroidManifest.xml:45:9-47:53
	android:screenOrientation
		ADDED from src/main/AndroidManifest.xml:47:13-50
	android:name
		ADDED from src/main/AndroidManifest.xml:46:13-44
activity#com.tencent.rtmp.demo.ui.QRCodeScanActivity
ADDED from src/main/AndroidManifest.xml:48:9-50:53
	android:screenOrientation
		ADDED from src/main/AndroidManifest.xml:50:13-50
	android:name
		ADDED from src/main/AndroidManifest.xml:49:13-50
meta-data#BUGLY_APPID
ADDED from src/main/AndroidManifest.xml:53:9-55:41
	android:value
		ADDED from src/main/AndroidManifest.xml:55:13-38
	android:name
		ADDED from src/main/AndroidManifest.xml:54:13-39
meta-data#BUGLY_APP_CHANNEL
ADDED from src/main/AndroidManifest.xml:63:9-65:37
	android:value
		ADDED from src/main/AndroidManifest.xml:65:13-34
	android:name
		ADDED from src/main/AndroidManifest.xml:64:13-45
meta-data#BUGLY_ENABLE_DEBUG
ADDED from src/main/AndroidManifest.xml:68:9-70:36
	android:value
		ADDED from src/main/AndroidManifest.xml:70:13-33
	android:name
		ADDED from src/main/AndroidManifest.xml:69:13-46
uses-permission#android.permission.BLUETOOTH
ADDED from [:txrtmpsdk:] AndroidManifest.xml:12:5-68
	android:name
		ADDED from [:txrtmpsdk:] AndroidManifest.xml:12:22-65
uses-permission#android.permission.CHANGE_WIFI_STATE
ADDED from [:txrtmpsdk:] AndroidManifest.xml:13:5-76
	android:name
		ADDED from [:txrtmpsdk:] AndroidManifest.xml:13:22-73